2022-04-16 12:10:14.470  INFO 5560 --- [main] o.s.b.w.embedded.tomcat.TomcatWebServer  : Tomcat started on port(s): 8080 (http) with context path ''
2022-04-16 12:10:14.483  INFO 5560 --- [main] m.s.SpringBootLooseBindingApplication    : Started SpringBootLooseBindingApplication in 1.202 seconds (JVM running for 1.677)
2022-04-16 12:17:50.827  INFO 10620 --- [main] m.s.SpringBootLooseBindingApplication    : Starting SpringBootLooseBindingApplication using Java 16.0.2 on mao with PID 10620 (H:\程序\大三下期\spring_boot松散绑定\target\classes started by mao in H:\程序\大三下期\spring_boot松散绑定)
2022-04-16 12:17:50.829 DEBUG 10620 --- [main] m.s.SpringBootLooseBindingApplication    : Running with Spring Boot v2.6.6, Spring v5.3.18
2022-04-16 12:17:50.830  INFO 10620 --- [main] m.s.SpringBootLooseBindingApplication    : The following 1 profile is active: "dev"
2022-04-16 12:17:51.415  INFO 10620 --- [main] o.s.b.w.embedded.tomcat.TomcatWebServer  : Tomcat initialized with port(s): 8080 (http)
2022-04-16 12:17:51.422  INFO 10620 --- [main] o.apache.catalina.core.StandardService   : Starting service [Tomcat]
2022-04-16 12:17:51.423  INFO 10620 --- [main] org.apache.catalina.core.StandardEngine  : Starting Servlet engine: [Apache Tomcat/9.0.60]
2022-04-16 12:17:51.496  INFO 10620 --- [main] o.a.c.c.C.[Tomcat].[localhost].[/]       : Initializing Spring embedded WebApplicationContext
2022-04-16 12:17:51.497  INFO 10620 --- [main] w.s.c.ServletWebServerApplicationContext : Root WebApplicationContext: initialization completed in 630 ms
2022-04-16 12:17:51.742  INFO 10620 --- [main] o.s.b.w.embedded.tomcat.TomcatWebServer  : Tomcat started on port(s): 8080 (http) with context path ''
2022-04-16 12:17:51.750  INFO 10620 --- [main] m.s.SpringBootLooseBindingApplication    : Started SpringBootLooseBindingApplication in 1.243 seconds (JVM running for 1.685)
2022-04-16 12:18:32.516  INFO 1936 --- [main] m.s.SpringBootLooseBindingApplication    : Starting SpringBootLooseBindingApplication using Java 16.0.2 on mao with PID 1936 (H:\程序\大三下期\spring_boot松散绑定\target\classes started by mao in H:\程序\大三下期\spring_boot松散绑定)
2022-04-16 12:18:32.518 DEBUG 1936 --- [main] m.s.SpringBootLooseBindingApplication    : Running with Spring Boot v2.6.6, Spring v5.3.18
2022-04-16 12:18:32.519  INFO 1936 --- [main] m.s.SpringBootLooseBindingApplication    : The following 1 profile is active: "dev"
2022-04-16 12:18:33.102  INFO 1936 --- [main] o.s.b.w.embedded.tomcat.TomcatWebServer  : Tomcat initialized with port(s): 8080 (http)
2022-04-16 12:18:33.110  INFO 1936 --- [main] o.apache.catalina.core.StandardService   : Starting service [Tomcat]
2022-04-16 12:18:33.110  INFO 1936 --- [main] org.apache.catalina.core.StandardEngine  : Starting Servlet engine: [Apache Tomcat/9.0.60]
2022-04-16 12:18:33.179  INFO 1936 --- [main] o.a.c.c.C.[Tomcat].[localhost].[/]       : Initializing Spring embedded WebApplicationContext
2022-04-16 12:18:33.179  INFO 1936 --- [main] w.s.c.ServletWebServerApplicationContext : Root WebApplicationContext: initialization completed in 622 ms
2022-04-16 12:18:33.425  INFO 1936 --- [main] o.s.b.w.embedded.tomcat.TomcatWebServer  : Tomcat started on port(s): 8080 (http) with context path ''
2022-04-16 12:18:33.434  INFO 1936 --- [main] m.s.SpringBootLooseBindingApplication    : Started SpringBootLooseBindingApplication in 1.225 seconds (JVM running for 1.657)
2022-04-16 12:19:19.259  INFO 4248 --- [main] m.s.config.MyConfigTest                  : Starting MyConfigTest using Java 16.0.2 on mao with PID 4248 (started by mao in H:\程序\大三下期\spring_boot松散绑定)
2022-04-16 12:19:19.260 DEBUG 4248 --- [main] m.s.config.MyConfigTest                  : Running with Spring Boot v2.6.6, Spring v5.3.18
2022-04-16 12:19:19.261  INFO 4248 --- [main] m.s.config.MyConfigTest                  : The following 1 profile is active: "dev"
2022-04-16 12:19:20.649  INFO 4248 --- [main] m.s.config.MyConfigTest                  : Started MyConfigTest in 1.783 seconds (JVM running for 2.717)
2022-04-16 12:19:51.982  INFO 8708 --- [main] m.s.config.MyConfigTest                  : Starting MyConfigTest using Java 16.0.2 on mao with PID 8708 (started by mao in H:\程序\大三下期\spring_boot松散绑定)
2022-04-16 12:19:51.983 DEBUG 8708 --- [main] m.s.config.MyConfigTest                  : Running with Spring Boot v2.6.6, Spring v5.3.18
2022-04-16 12:19:51.983  INFO 8708 --- [main] m.s.config.MyConfigTest                  : The following 1 profile is active: "dev"
2022-04-16 12:19:53.391  INFO 8708 --- [main] m.s.config.MyConfigTest                  : Started MyConfigTest in 1.832 seconds (JVM running for 2.749)
2022-04-16 12:19:57.955  INFO 12116 --- [main] m.s.data.StudentTest                     : Starting StudentTest using Java 16.0.2 on mao with PID 12116 (started by mao in H:\程序\大三下期\spring_boot松散绑定)
2022-04-16 12:19:57.956 DEBUG 12116 --- [main] m.s.data.StudentTest                     : Running with Spring Boot v2.6.6, Spring v5.3.18
2022-04-16 12:19:57.957  INFO 12116 --- [main] m.s.data.StudentTest                     : The following 1 profile is active: "dev"
2022-04-16 12:19:59.279  INFO 12116 --- [main] m.s.data.StudentTest                     : Started StudentTest in 1.713 seconds (JVM running for 2.57)
2022-04-16 12:20:42.886  INFO 12460 --- [main] m.s.data.StudentTest                     : Starting StudentTest using Java 16.0.2 on mao with PID 12460 (started by mao in H:\程序\大三下期\spring_boot松散绑定)
2022-04-16 12:20:42.888 DEBUG 12460 --- [main] m.s.data.StudentTest                     : Running with Spring Boot v2.6.6, Spring v5.3.18
2022-04-16 12:20:42.888  INFO 12460 --- [main] m.s.data.StudentTest                     : The following 1 profile is active: "dev"
2022-04-16 12:20:44.171  INFO 12460 --- [main] m.s.data.StudentTest                     : Started StudentTest in 1.692 seconds (JVM running for 2.638)
2022-04-16 12:20:55.436  INFO 3880 --- [main] m.s.data.StudentTest                     : Starting StudentTest using Java 16.0.2 on mao with PID 3880 (started by mao in H:\程序\大三下期\spring_boot松散绑定)
2022-04-16 12:20:55.438 DEBUG 3880 --- [main] m.s.data.StudentTest                     : Running with Spring Boot v2.6.6, Spring v5.3.18
2022-04-16 12:20:55.438  INFO 3880 --- [main] m.s.data.StudentTest                     : The following 1 profile is active: "dev"
2022-04-16 12:20:56.778  INFO 3880 --- [main] m.s.data.StudentTest                     : Started StudentTest in 1.75 seconds (JVM running for 2.609)
2022-04-16 12:21:09.092  INFO 13136 --- [main] m.s.data.StudentTest                     : Starting StudentTest using Java 16.0.2 on mao with PID 13136 (started by mao in H:\程序\大三下期\spring_boot松散绑定)
2022-04-16 12:21:09.093 DEBUG 13136 --- [main] m.s.data.StudentTest                     : Running with Spring Boot v2.6.6, Spring v5.3.18
2022-04-16 12:21:09.094  INFO 13136 --- [main] m.s.data.StudentTest                     : The following 1 profile is active: "dev"
2022-04-16 12:21:10.329  INFO 13136 --- [main] m.s.data.StudentTest                     : Started StudentTest in 1.617 seconds (JVM running for 2.502)
2022-04-16 12:21:52.703  INFO 9236 --- [main] m.s.data.StudentTest                     : Starting StudentTest using Java 16.0.2 on mao with PID 9236 (started by mao in H:\程序\大三下期\spring_boot松散绑定)
2022-04-16 12:21:52.704 DEBUG 9236 --- [main] m.s.data.StudentTest                     : Running with Spring Boot v2.6.6, Spring v5.3.18
2022-04-16 12:21:52.705  INFO 9236 --- [main] m.s.data.StudentTest                     : The following 1 profile is active: "dev"
2022-04-16 12:21:54.016  INFO 9236 --- [main] m.s.data.StudentTest                     : Started StudentTest in 1.705 seconds (JVM running for 2.577)
2022-04-16 12:22:15.261  INFO 15664 --- [main] m.s.data.StudentTest                     : Starting StudentTest using Java 16.0.2 on mao with PID 15664 (started by mao in H:\程序\大三下期\spring_boot松散绑定)
2022-04-16 12:22:15.263 DEBUG 15664 --- [main] m.s.data.StudentTest                     : Running with Spring Boot v2.6.6, Spring v5.3.18
2022-04-16 12:22:15.263  INFO 15664 --- [main] m.s.data.StudentTest                     : The following 1 profile is active: "dev"
2022-04-16 12:22:16.596  INFO 15664 --- [main] m.s.data.StudentTest                     : Started StudentTest in 1.713 seconds (JVM running for 2.596)
2022-04-16 12:22:42.346  INFO 14652 --- [main] m.s.data.StudentTest                     : Starting StudentTest using Java 16.0.2 on mao with PID 14652 (started by mao in H:\程序\大三下期\spring_boot松散绑定)
2022-04-16 12:22:42.347 DEBUG 14652 --- [main] m.s.data.StudentTest                     : Running with Spring Boot v2.6.6, Spring v5.3.18
2022-04-16 12:22:42.348  INFO 14652 --- [main] m.s.data.StudentTest                     : The following 1 profile is active: "dev"
2022-04-16 12:22:43.638  INFO 14652 --- [main] m.s.data.StudentTest                     : Started StudentTest in 1.703 seconds (JVM running for 2.594)
2022-04-16 12:22:54.655  INFO 16932 --- [main] m.s.data.StudentTest                     : Starting StudentTest using Java 16.0.2 on mao with PID 16932 (started by mao in H:\程序\大三下期\spring_boot松散绑定)
2022-04-16 12:22:54.657 DEBUG 16932 --- [main] m.s.data.StudentTest                     : Running with Spring Boot v2.6.6, Spring v5.3.18
2022-04-16 12:22:54.657  INFO 16932 --- [main] m.s.data.StudentTest                     : The following 1 profile is active: "dev"
2022-04-16 12:22:55.926  INFO 16932 --- [main] m.s.data.StudentTest                     : Started StudentTest in 1.645 seconds (JVM running for 2.535)
2022-04-16 12:23:19.116  INFO 13280 --- [main] m.s.SpringBootLooseBindingApplication    : Starting SpringBootLooseBindingApplication using Java 16.0.2 on mao with PID 13280 (H:\程序\大三下期\spring_boot松散绑定\target\classes started by mao in H:\程序\大三下期\spring_boot松散绑定)
2022-04-16 12:23:19.118 DEBUG 13280 --- [main] m.s.SpringBootLooseBindingApplication    : Running with Spring Boot v2.6.6, Spring v5.3.18
2022-04-16 12:23:19.119  INFO 13280 --- [main] m.s.SpringBootLooseBindingApplication    : The following 1 profile is active: "dev"
2022-04-16 12:23:19.678  INFO 13280 --- [main] o.s.b.w.embedded.tomcat.TomcatWebServer  : Tomcat initialized with port(s): 8080 (http)
2022-04-16 12:23:19.685  INFO 13280 --- [main] o.apache.catalina.core.StandardService   : Starting service [Tomcat]
2022-04-16 12:23:19.685  INFO 13280 --- [main] org.apache.catalina.core.StandardEngine  : Starting Servlet engine: [Apache Tomcat/9.0.60]
2022-04-16 12:23:19.753  INFO 13280 --- [main] o.a.c.c.C.[Tomcat].[localhost].[/]       : Initializing Spring embedded WebApplicationContext
2022-04-16 12:23:19.754  INFO 13280 --- [main] w.s.c.ServletWebServerApplicationContext : Root WebApplicationContext: initialization completed in 599 ms
2022-04-16 12:23:19.984  INFO 13280 --- [main] o.s.b.w.embedded.tomcat.TomcatWebServer  : Tomcat started on port(s): 8080 (http) with context path ''
2022-04-16 12:23:19.993  INFO 13280 --- [main] m.s.SpringBootLooseBindingApplication    : Started SpringBootLooseBindingApplication in 1.183 seconds (JVM running for 1.61)
2022-04-16 12:30:48.140  INFO 8404 --- [main] m.s.config.MyConfigTest                  : Starting MyConfigTest using Java 16.0.2 on mao with PID 8404 (started by mao in H:\程序\大三下期\spring_boot松散绑定)
2022-04-16 12:30:48.141 DEBUG 8404 --- [main] m.s.config.MyConfigTest                  : Running with Spring Boot v2.6.6, Spring v5.3.18
2022-04-16 12:30:48.141  INFO 8404 --- [main] m.s.config.MyConfigTest                  : The following 1 profile is active: "dev"
2022-04-16 12:30:49.567  INFO 8404 --- [main] m.s.config.MyConfigTest                  : Started MyConfigTest in 1.801 seconds (JVM running for 2.636)
2022-04-16 12:30:50.015  INFO 8404 --- [main] .b.t.c.SpringBootTestContextBootstrapper : Neither @ContextConfiguration nor @ContextHierarchy found for test class [mao.spring_boot_loose_binding.data.StudentTest], using SpringBootContextLoader
2022-04-16 12:30:50.016  INFO 8404 --- [main] o.s.t.c.support.AbstractContextLoader    : Could not detect default resource locations for test class [mao.spring_boot_loose_binding.data.StudentTest]: no resource found for suffixes {-context.xml, Context.groovy}.
2022-04-16 12:30:50.016  INFO 8404 --- [main] t.c.s.AnnotationConfigContextLoaderUtils : Could not detect default configuration classes for test class [mao.spring_boot_loose_binding.data.StudentTest]: StudentTest does not declare any static, non-private, non-final, nested classes annotated with @Configuration.
2022-04-16 12:30:50.023  INFO 8404 --- [main] .b.t.c.SpringBootTestContextBootstrapper : Found @SpringBootConfiguration mao.spring_boot_loose_binding.SpringBootLooseBindingApplication for test class mao.spring_boot_loose_binding.data.StudentTest
2022-04-16 12:30:50.026  INFO 8404 --- [main] .b.t.c.SpringBootTestContextBootstrapper : Loaded default TestExecutionListener class names from location [META-INF/spring.factories]: [org.springframework.boot.test.mock.mockito.MockitoTestExecutionListener, org.springframework.boot.test.mock.mockito.ResetMocksTestExecutionListener, org.springframework.boot.test.autoconfigure.restdocs.RestDocsTestExecutionListener, org.springframework.boot.test.autoconfigure.web.client.MockRestServiceServerResetTestExecutionListener, org.springframework.boot.test.autoconfigure.web.servlet.MockMvcPrintOnlyOnFailureTestExecutionListener, org.springframework.boot.test.autoconfigure.web.servlet.WebDriverTestExecutionListener, org.springframework.boot.test.autoconfigure.webservices.client.MockWebServiceServerTestExecutionListener, org.springframework.test.context.web.ServletTestExecutionListener, org.springframework.test.context.support.DirtiesContextBeforeModesTestExecutionListener, org.springframework.test.context.event.ApplicationEventsTestExecutionListener, org.springframework.test.context.support.DependencyInjectionTestExecutionListener, org.springframework.test.context.support.DirtiesContextTestExecutionListener, org.springframework.test.context.transaction.TransactionalTestExecutionListener, org.springframework.test.context.jdbc.SqlScriptsTestExecutionListener, org.springframework.test.context.event.EventPublishingTestExecutionListener]
2022-04-16 12:30:50.027  INFO 8404 --- [main] .b.t.c.SpringBootTestContextBootstrapper : Using TestExecutionListeners: [org.springframework.test.context.web.ServletTestExecutionListener@4a6c0f38, org.springframework.test.context.support.DirtiesContextBeforeModesTestExecutionListener@5f8a02cf, org.springframework.test.context.event.ApplicationEventsTestExecutionListener@26d5a317, org.springframework.boot.test.mock.mockito.MockitoTestExecutionListener@70b6db83, org.springframework.boot.test.autoconfigure.SpringBootDependencyInjectionTestExecutionListener@5a090f62, org.springframework.test.context.support.DirtiesContextTestExecutionListener@559af296, org.springframework.test.context.event.EventPublishingTestExecutionListener@5edc3e29, org.springframework.boot.test.mock.mockito.ResetMocksTestExecutionListener@18709cb2, org.springframework.boot.test.autoconfigure.restdocs.RestDocsTestExecutionListener@a90e2c1, org.springframework.boot.test.autoconfigure.web.client.MockRestServiceServerResetTestExecutionListener@89caf47, org.springframework.boot.test.autoconfigure.web.servlet.MockMvcPrintOnlyOnFailureTestExecutionListener@370ef50b, org.springframework.boot.test.autoconfigure.web.servlet.WebDriverTestExecutionListener@2b877a54, org.springframework.boot.test.autoconfigure.webservices.client.MockWebServiceServerTestExecutionListener@268c030f]
2022-04-16 12:30:50.037  INFO 8404 --- [main] .b.t.c.SpringBootTestContextBootstrapper : Neither @ContextConfiguration nor @ContextHierarchy found for test class [mao.spring_boot_loose_binding.SpringBootLooseBindingApplicationTests], using SpringBootContextLoader
2022-04-16 12:30:50.039  INFO 8404 --- [main] o.s.t.c.support.AbstractContextLoader    : Could not detect default resource locations for test class [mao.spring_boot_loose_binding.SpringBootLooseBindingApplicationTests]: no resource found for suffixes {-context.xml, Context.groovy}.
2022-04-16 12:30:50.040  INFO 8404 --- [main] t.c.s.AnnotationConfigContextLoaderUtils : Could not detect default configuration classes for test class [mao.spring_boot_loose_binding.SpringBootLooseBindingApplicationTests]: SpringBootLooseBindingApplicationTests does not declare any static, non-private, non-final, nested classes annotated with @Configuration.
2022-04-16 12:30:50.044  INFO 8404 --- [main] .b.t.c.SpringBootTestContextBootstrapper : Found @SpringBootConfiguration mao.spring_boot_loose_binding.SpringBootLooseBindingApplication for test class mao.spring_boot_loose_binding.SpringBootLooseBindingApplicationTests
2022-04-16 12:30:50.046  INFO 8404 --- [main] .b.t.c.SpringBootTestContextBootstrapper : Loaded default TestExecutionListener class names from location [META-INF/spring.factories]: [org.springframework.boot.test.mock.mockito.MockitoTestExecutionListener, org.springframework.boot.test.mock.mockito.ResetMocksTestExecutionListener, org.springframework.boot.test.autoconfigure.restdocs.RestDocsTestExecutionListener, org.springframework.boot.test.autoconfigure.web.client.MockRestServiceServerResetTestExecutionListener, org.springframework.boot.test.autoconfigure.web.servlet.MockMvcPrintOnlyOnFailureTestExecutionListener, org.springframework.boot.test.autoconfigure.web.servlet.WebDriverTestExecutionListener, org.springframework.boot.test.autoconfigure.webservices.client.MockWebServiceServerTestExecutionListener, org.springframework.test.context.web.ServletTestExecutionListener, org.springframework.test.context.support.DirtiesContextBeforeModesTestExecutionListener, org.springframework.test.context.event.ApplicationEventsTestExecutionListener, org.springframework.test.context.support.DependencyInjectionTestExecutionListener, org.springframework.test.context.support.DirtiesContextTestExecutionListener, org.springframework.test.context.transaction.TransactionalTestExecutionListener, org.springframework.test.context.jdbc.SqlScriptsTestExecutionListener, org.springframework.test.context.event.EventPublishingTestExecutionListener]
