2022-04-15 22:49:39.987  INFO 7148 --- [main] m.s.config.MyConfigTest                  : Starting MyConfigTest using Java 16.0.2 on mao with PID 7148 (started by mao in H:\程序\大三下期\spring_boot松散绑定)
2022-04-15 22:49:39.988 DEBUG 7148 --- [main] m.s.config.MyConfigTest                  : Running with Spring Boot v2.6.6, Spring v5.3.18
2022-04-15 22:49:39.989  INFO 7148 --- [main] m.s.config.MyConfigTest                  : The following 1 profile is active: "dev"
2022-04-15 22:49:41.409  INFO 7148 --- [main] m.s.config.MyConfigTest                  : Started MyConfigTest in 1.827 seconds (JVM running for 2.726)
2022-04-15 22:50:00.571  INFO 7132 --- [main] m.s.config.MyConfigTest                  : Starting MyConfigTest using Java 16.0.2 on mao with PID 7132 (started by mao in H:\程序\大三下期\spring_boot松散绑定)
2022-04-15 22:50:00.572 DEBUG 7132 --- [main] m.s.config.MyConfigTest                  : Running with Spring Boot v2.6.6, Spring v5.3.18
2022-04-15 22:50:00.573  INFO 7132 --- [main] m.s.config.MyConfigTest                  : The following 1 profile is active: "dev"
2022-04-15 22:50:01.856  INFO 7132 --- [main] m.s.config.MyConfigTest                  : Started MyConfigTest in 1.685 seconds (JVM running for 2.592)
2022-04-15 22:50:44.001  INFO 1068 --- [main] m.s.config.MyConfigTest                  : Starting MyConfigTest using Java 16.0.2 on mao with PID 1068 (started by mao in H:\程序\大三下期\spring_boot松散绑定)
2022-04-15 22:50:44.002 DEBUG 1068 --- [main] m.s.config.MyConfigTest                  : Running with Spring Boot v2.6.6, Spring v5.3.18
2022-04-15 22:50:44.002  INFO 1068 --- [main] m.s.config.MyConfigTest                  : The following 1 profile is active: "dev"
2022-04-15 22:50:45.338  INFO 1068 --- [main] m.s.config.MyConfigTest                  : Started MyConfigTest in 1.76 seconds (JVM running for 2.668)
2022-04-15 22:51:02.313  INFO 9184 --- [main] m.s.config.MyConfigTest                  : Starting MyConfigTest using Java 16.0.2 on mao with PID 9184 (started by mao in H:\程序\大三下期\spring_boot松散绑定)
2022-04-15 22:51:02.314 DEBUG 9184 --- [main] m.s.config.MyConfigTest                  : Running with Spring Boot v2.6.6, Spring v5.3.18
2022-04-15 22:51:02.314  INFO 9184 --- [main] m.s.config.MyConfigTest                  : The following 1 profile is active: "dev"
2022-04-15 22:51:03.652  INFO 9184 --- [main] m.s.config.MyConfigTest                  : Started MyConfigTest in 1.766 seconds (JVM running for 2.659)
2022-04-15 22:51:33.624  INFO 18364 --- [main] m.s.config.MyConfigTest                  : Starting MyConfigTest using Java 16.0.2 on mao with PID 18364 (started by mao in H:\程序\大三下期\spring_boot松散绑定)
2022-04-15 22:51:33.625 DEBUG 18364 --- [main] m.s.config.MyConfigTest                  : Running with Spring Boot v2.6.6, Spring v5.3.18
2022-04-15 22:51:33.625  INFO 18364 --- [main] m.s.config.MyConfigTest                  : The following 1 profile is active: "dev"
2022-04-15 22:51:35.016  INFO 18364 --- [main] m.s.config.MyConfigTest                  : Started MyConfigTest in 1.801 seconds (JVM running for 2.683)
2022-04-15 22:52:46.282  INFO 1276 --- [main] m.s.config.MyConfigTest                  : Starting MyConfigTest using Java 16.0.2 on mao with PID 1276 (started by mao in H:\程序\大三下期\spring_boot松散绑定)
2022-04-15 22:52:46.283 DEBUG 1276 --- [main] m.s.config.MyConfigTest                  : Running with Spring Boot v2.6.6, Spring v5.3.18
2022-04-15 22:52:46.283  INFO 1276 --- [main] m.s.config.MyConfigTest                  : The following 1 profile is active: "dev"
2022-04-15 22:52:47.570  INFO 1276 --- [main] m.s.config.MyConfigTest                  : Started MyConfigTest in 1.676 seconds (JVM running for 2.619)
2022-04-15 22:53:57.952  INFO 13668 --- [main] m.s.config.MyConfigTest                  : Starting MyConfigTest using Java 16.0.2 on mao with PID 13668 (started by mao in H:\程序\大三下期\spring_boot松散绑定)
2022-04-15 22:53:57.953 DEBUG 13668 --- [main] m.s.config.MyConfigTest                  : Running with Spring Boot v2.6.6, Spring v5.3.18
2022-04-15 22:53:57.953  INFO 13668 --- [main] m.s.config.MyConfigTest                  : The following 1 profile is active: "dev"
2022-04-15 22:53:59.338  INFO 13668 --- [main] m.s.config.MyConfigTest                  : Started MyConfigTest in 1.807 seconds (JVM running for 2.719)
2022-04-15 22:55:26.616  INFO 3052 --- [main] m.s.SpringBootLooseBindingApplication    : Starting SpringBootLooseBindingApplication using Java 16.0.2 on mao with PID 3052 (H:\程序\大三下期\spring_boot松散绑定\target\classes started by mao in H:\程序\大三下期\spring_boot松散绑定)
2022-04-15 22:55:26.619 DEBUG 3052 --- [main] m.s.SpringBootLooseBindingApplication    : Running with Spring Boot v2.6.6, Spring v5.3.18
2022-04-15 22:55:26.619  INFO 3052 --- [main] m.s.SpringBootLooseBindingApplication    : The following 1 profile is active: "dev"
2022-04-15 22:55:27.207  INFO 3052 --- [main] o.s.b.w.embedded.tomcat.TomcatWebServer  : Tomcat initialized with port(s): 8080 (http)
2022-04-15 22:55:27.214  INFO 3052 --- [main] o.apache.catalina.core.StandardService   : Starting service [Tomcat]
2022-04-15 22:55:27.214  INFO 3052 --- [main] org.apache.catalina.core.StandardEngine  : Starting Servlet engine: [Apache Tomcat/9.0.60]
2022-04-15 22:55:27.283  INFO 3052 --- [main] o.a.c.c.C.[Tomcat].[localhost].[/]       : Initializing Spring embedded WebApplicationContext
2022-04-15 22:55:27.283  INFO 3052 --- [main] w.s.c.ServletWebServerApplicationContext : Root WebApplicationContext: initialization completed in 629 ms
2022-04-15 22:55:27.514  INFO 3052 --- [main] o.s.b.w.embedded.tomcat.TomcatWebServer  : Tomcat started on port(s): 8080 (http) with context path ''
2022-04-15 22:55:27.523  INFO 3052 --- [main] m.s.SpringBootLooseBindingApplication    : Started SpringBootLooseBindingApplication in 1.237 seconds (JVM running for 1.703)
2022-04-15 22:58:39.102  INFO 14312 --- [main] m.s.SpringBootLooseBindingApplication    : Starting SpringBootLooseBindingApplication using Java 16.0.2 on mao with PID 14312 (H:\程序\大三下期\spring_boot松散绑定\target\classes started by mao in H:\程序\大三下期\spring_boot松散绑定)
2022-04-15 22:58:39.105 DEBUG 14312 --- [main] m.s.SpringBootLooseBindingApplication    : Running with Spring Boot v2.6.6, Spring v5.3.18
2022-04-15 22:58:39.105  INFO 14312 --- [main] m.s.SpringBootLooseBindingApplication    : The following 1 profile is active: "dev"
2022-04-15 22:58:39.693  INFO 14312 --- [main] o.s.b.w.embedded.tomcat.TomcatWebServer  : Tomcat initialized with port(s): 8080 (http)
2022-04-15 22:58:39.700  INFO 14312 --- [main] o.apache.catalina.core.StandardService   : Starting service [Tomcat]
2022-04-15 22:58:39.700  INFO 14312 --- [main] org.apache.catalina.core.StandardEngine  : Starting Servlet engine: [Apache Tomcat/9.0.60]
2022-04-15 22:58:39.770  INFO 14312 --- [main] o.a.c.c.C.[Tomcat].[localhost].[/]       : Initializing Spring embedded WebApplicationContext
2022-04-15 22:58:39.770  INFO 14312 --- [main] w.s.c.ServletWebServerApplicationContext : Root WebApplicationContext: initialization completed in 626 ms
2022-04-15 22:58:40.005  INFO 14312 --- [main] o.s.b.w.embedded.tomcat.TomcatWebServer  : Tomcat started on port(s): 8080 (http) with context path ''
2022-04-15 22:58:40.014  INFO 14312 --- [main] m.s.SpringBootLooseBindingApplication    : Started SpringBootLooseBindingApplication in 1.232 seconds (JVM running for 1.662)
2022-04-15 22:58:53.920  INFO 18160 --- [main] m.s.SpringBootLooseBindingApplication    : Starting SpringBootLooseBindingApplication using Java 16.0.2 on mao with PID 18160 (H:\程序\大三下期\spring_boot松散绑定\target\classes started by mao in H:\程序\大三下期\spring_boot松散绑定)
2022-04-15 22:58:53.922 DEBUG 18160 --- [main] m.s.SpringBootLooseBindingApplication    : Running with Spring Boot v2.6.6, Spring v5.3.18
2022-04-15 22:58:53.923  INFO 18160 --- [main] m.s.SpringBootLooseBindingApplication    : The following 1 profile is active: "dev"
2022-04-15 22:58:54.501  INFO 18160 --- [main] o.s.b.w.embedded.tomcat.TomcatWebServer  : Tomcat initialized with port(s): 8080 (http)
2022-04-15 22:58:54.508  INFO 18160 --- [main] o.apache.catalina.core.StandardService   : Starting service [Tomcat]
2022-04-15 22:58:54.508  INFO 18160 --- [main] org.apache.catalina.core.StandardEngine  : Starting Servlet engine: [Apache Tomcat/9.0.60]
2022-04-15 22:58:54.580  INFO 18160 --- [main] o.a.c.c.C.[Tomcat].[localhost].[/]       : Initializing Spring embedded WebApplicationContext
2022-04-15 22:58:54.581  INFO 18160 --- [main] w.s.c.ServletWebServerApplicationContext : Root WebApplicationContext: initialization completed in 617 ms
2022-04-15 22:58:54.814  INFO 18160 --- [main] o.s.b.w.embedded.tomcat.TomcatWebServer  : Tomcat started on port(s): 8080 (http) with context path ''
2022-04-15 22:58:54.822  INFO 18160 --- [main] m.s.SpringBootLooseBindingApplication    : Started SpringBootLooseBindingApplication in 1.225 seconds (JVM running for 1.647)
2022-04-15 22:59:11.563  INFO 16608 --- [main] m.s.SpringBootLooseBindingApplication    : Starting SpringBootLooseBindingApplication using Java 16.0.2 on mao with PID 16608 (H:\程序\大三下期\spring_boot松散绑定\target\classes started by mao in H:\程序\大三下期\spring_boot松散绑定)
2022-04-15 22:59:11.565 DEBUG 16608 --- [main] m.s.SpringBootLooseBindingApplication    : Running with Spring Boot v2.6.6, Spring v5.3.18
2022-04-15 22:59:11.566  INFO 16608 --- [main] m.s.SpringBootLooseBindingApplication    : The following 1 profile is active: "dev"
2022-04-15 22:59:12.145  INFO 16608 --- [main] o.s.b.w.embedded.tomcat.TomcatWebServer  : Tomcat initialized with port(s): 8080 (http)
2022-04-15 22:59:12.151  INFO 16608 --- [main] o.apache.catalina.core.StandardService   : Starting service [Tomcat]
2022-04-15 22:59:12.152  INFO 16608 --- [main] org.apache.catalina.core.StandardEngine  : Starting Servlet engine: [Apache Tomcat/9.0.60]
2022-04-15 22:59:12.221  INFO 16608 --- [main] o.a.c.c.C.[Tomcat].[localhost].[/]       : Initializing Spring embedded WebApplicationContext
2022-04-15 22:59:12.221  INFO 16608 --- [main] w.s.c.ServletWebServerApplicationContext : Root WebApplicationContext: initialization completed in 618 ms
2022-04-15 22:59:12.457  INFO 16608 --- [main] o.s.b.w.embedded.tomcat.TomcatWebServer  : Tomcat started on port(s): 8080 (http) with context path ''
2022-04-15 22:59:12.465  INFO 16608 --- [main] m.s.SpringBootLooseBindingApplication    : Started SpringBootLooseBindingApplication in 1.234 seconds (JVM running for 1.677)
2022-04-15 23:01:12.085  INFO 4616 --- [main] m.s.SpringBootLooseBindingApplication    : Starting SpringBootLooseBindingApplication using Java 16.0.2 on mao with PID 4616 (H:\程序\大三下期\spring_boot松散绑定\target\classes started by mao in H:\程序\大三下期\spring_boot松散绑定)
2022-04-15 23:01:12.087 DEBUG 4616 --- [main] m.s.SpringBootLooseBindingApplication    : Running with Spring Boot v2.6.6, Spring v5.3.18
2022-04-15 23:01:12.087  INFO 4616 --- [main] m.s.SpringBootLooseBindingApplication    : The following 1 profile is active: "dev"
2022-04-15 23:01:12.662  INFO 4616 --- [main] o.s.b.w.embedded.tomcat.TomcatWebServer  : Tomcat initialized with port(s): 8080 (http)
2022-04-15 23:01:12.669  INFO 4616 --- [main] o.apache.catalina.core.StandardService   : Starting service [Tomcat]
2022-04-15 23:01:12.669  INFO 4616 --- [main] org.apache.catalina.core.StandardEngine  : Starting Servlet engine: [Apache Tomcat/9.0.60]
2022-04-15 23:01:12.739  INFO 4616 --- [main] o.a.c.c.C.[Tomcat].[localhost].[/]       : Initializing Spring embedded WebApplicationContext
2022-04-15 23:01:12.739  INFO 4616 --- [main] w.s.c.ServletWebServerApplicationContext : Root WebApplicationContext: initialization completed in 616 ms
2022-04-15 23:01:12.966  INFO 4616 --- [main] o.s.b.w.embedded.tomcat.TomcatWebServer  : Tomcat started on port(s): 8080 (http) with context path ''
2022-04-15 23:01:12.974  INFO 4616 --- [main] m.s.SpringBootLooseBindingApplication    : Started SpringBootLooseBindingApplication in 1.214 seconds (JVM running for 1.668)
2022-04-15 23:01:36.040  INFO 9400 --- [main] m.s.SpringBootLooseBindingApplication    : Starting SpringBootLooseBindingApplication using Java 16.0.2 on mao with PID 9400 (H:\程序\大三下期\spring_boot松散绑定\target\classes started by mao in H:\程序\大三下期\spring_boot松散绑定)
2022-04-15 23:01:36.042 DEBUG 9400 --- [main] m.s.SpringBootLooseBindingApplication    : Running with Spring Boot v2.6.6, Spring v5.3.18
2022-04-15 23:01:36.043  INFO 9400 --- [main] m.s.SpringBootLooseBindingApplication    : The following 1 profile is active: "dev"
2022-04-15 23:01:36.621  INFO 9400 --- [main] o.s.b.w.embedded.tomcat.TomcatWebServer  : Tomcat initialized with port(s): 8080 (http)
2022-04-15 23:01:36.628  INFO 9400 --- [main] o.apache.catalina.core.StandardService   : Starting service [Tomcat]
2022-04-15 23:01:36.628  INFO 9400 --- [main] org.apache.catalina.core.StandardEngine  : Starting Servlet engine: [Apache Tomcat/9.0.60]
2022-04-15 23:01:36.700  INFO 9400 --- [main] o.a.c.c.C.[Tomcat].[localhost].[/]       : Initializing Spring embedded WebApplicationContext
2022-04-15 23:01:36.700  INFO 9400 --- [main] w.s.c.ServletWebServerApplicationContext : Root WebApplicationContext: initialization completed in 619 ms
2022-04-15 23:01:36.929  INFO 9400 --- [main] o.s.b.w.embedded.tomcat.TomcatWebServer  : Tomcat started on port(s): 8080 (http) with context path ''
2022-04-15 23:01:36.937  INFO 9400 --- [main] m.s.SpringBootLooseBindingApplication    : Started SpringBootLooseBindingApplication in 1.234 seconds (JVM running for 1.697)
2022-04-15 23:02:09.700  INFO 16592 --- [main] m.s.SpringBootLooseBindingApplication    : Starting SpringBootLooseBindingApplication using Java 16.0.2 on mao with PID 16592 (H:\程序\大三下期\spring_boot松散绑定\target\classes started by mao in H:\程序\大三下期\spring_boot松散绑定)
2022-04-15 23:02:09.703 DEBUG 16592 --- [main] m.s.SpringBootLooseBindingApplication    : Running with Spring Boot v2.6.6, Spring v5.3.18
2022-04-15 23:02:09.703  INFO 16592 --- [main] m.s.SpringBootLooseBindingApplication    : The following 1 profile is active: "dev"
2022-04-15 23:02:10.275  INFO 16592 --- [main] o.s.b.w.embedded.tomcat.TomcatWebServer  : Tomcat initialized with port(s): 8080 (http)
2022-04-15 23:02:10.282  INFO 16592 --- [main] o.apache.catalina.core.StandardService   : Starting service [Tomcat]
2022-04-15 23:02:10.283  INFO 16592 --- [main] org.apache.catalina.core.StandardEngine  : Starting Servlet engine: [Apache Tomcat/9.0.60]
2022-04-15 23:02:10.351  INFO 16592 --- [main] o.a.c.c.C.[Tomcat].[localhost].[/]       : Initializing Spring embedded WebApplicationContext
2022-04-15 23:02:10.351  INFO 16592 --- [main] w.s.c.ServletWebServerApplicationContext : Root WebApplicationContext: initialization completed in 611 ms
2022-04-15 23:02:10.579  INFO 16592 --- [main] o.s.b.w.embedded.tomcat.TomcatWebServer  : Tomcat started on port(s): 8080 (http) with context path ''
2022-04-15 23:02:10.588  INFO 16592 --- [main] m.s.SpringBootLooseBindingApplication    : Started SpringBootLooseBindingApplication in 1.206 seconds (JVM running for 1.637)
2022-04-15 23:02:33.433  INFO 10940 --- [main] m.s.SpringBootLooseBindingApplication    : Starting SpringBootLooseBindingApplication using Java 16.0.2 on mao with PID 10940 (H:\程序\大三下期\spring_boot松散绑定\target\classes started by mao in H:\程序\大三下期\spring_boot松散绑定)
2022-04-15 23:02:33.435 DEBUG 10940 --- [main] m.s.SpringBootLooseBindingApplication    : Running with Spring Boot v2.6.6, Spring v5.3.18
2022-04-15 23:02:33.436  INFO 10940 --- [main] m.s.SpringBootLooseBindingApplication    : The following 1 profile is active: "dev"
2022-04-15 23:02:34.037  INFO 10940 --- [main] o.s.b.w.embedded.tomcat.TomcatWebServer  : Tomcat initialized with port(s): 8080 (http)
2022-04-15 23:02:34.044  INFO 10940 --- [main] o.apache.catalina.core.StandardService   : Starting service [Tomcat]
2022-04-15 23:02:34.044  INFO 10940 --- [main] org.apache.catalina.core.StandardEngine  : Starting Servlet engine: [Apache Tomcat/9.0.60]
2022-04-15 23:02:34.115  INFO 10940 --- [main] o.a.c.c.C.[Tomcat].[localhost].[/]       : Initializing Spring embedded WebApplicationContext
2022-04-15 23:02:34.115  INFO 10940 --- [main] w.s.c.ServletWebServerApplicationContext : Root WebApplicationContext: initialization completed in 635 ms
