2022-04-15 23:02:34.344  INFO 10940 --- [main] o.s.b.w.embedded.tomcat.TomcatWebServer  : Tomcat started on port(s): 8080 (http) with context path ''
2022-04-15 23:02:34.355  INFO 10940 --- [main] m.s.SpringBootLooseBindingApplication    : Started SpringBootLooseBindingApplication in 1.245 seconds (JVM running for 1.681)
2022-04-15 23:02:51.182  INFO 11140 --- [main] m.s.SpringBootLooseBindingApplication    : Starting SpringBootLooseBindingApplication using Java 16.0.2 on mao with PID 11140 (H:\程序\大三下期\spring_boot松散绑定\target\classes started by mao in H:\程序\大三下期\spring_boot松散绑定)
2022-04-15 23:02:51.184 DEBUG 11140 --- [main] m.s.SpringBootLooseBindingApplication    : Running with Spring Boot v2.6.6, Spring v5.3.18
2022-04-15 23:02:51.185  INFO 11140 --- [main] m.s.SpringBootLooseBindingApplication    : The following 1 profile is active: "dev"
2022-04-15 23:02:51.772  INFO 11140 --- [main] o.s.b.w.embedded.tomcat.TomcatWebServer  : Tomcat initialized with port(s): 8080 (http)
2022-04-15 23:02:51.779  INFO 11140 --- [main] o.apache.catalina.core.StandardService   : Starting service [Tomcat]
2022-04-15 23:02:51.779  INFO 11140 --- [main] org.apache.catalina.core.StandardEngine  : Starting Servlet engine: [Apache Tomcat/9.0.60]
2022-04-15 23:02:51.848  INFO 11140 --- [main] o.a.c.c.C.[Tomcat].[localhost].[/]       : Initializing Spring embedded WebApplicationContext
2022-04-15 23:02:51.848  INFO 11140 --- [main] w.s.c.ServletWebServerApplicationContext : Root WebApplicationContext: initialization completed in 625 ms
2022-04-15 23:02:52.086  INFO 11140 --- [main] o.s.b.w.embedded.tomcat.TomcatWebServer  : Tomcat started on port(s): 8080 (http) with context path ''
2022-04-15 23:02:52.095  INFO 11140 --- [main] m.s.SpringBootLooseBindingApplication    : Started SpringBootLooseBindingApplication in 1.228 seconds (JVM running for 1.658)
2022-04-15 23:03:04.360  INFO 6256 --- [main] m.s.SpringBootLooseBindingApplication    : Starting SpringBootLooseBindingApplication using Java 16.0.2 on mao with PID 6256 (H:\程序\大三下期\spring_boot松散绑定\target\classes started by mao in H:\程序\大三下期\spring_boot松散绑定)
2022-04-15 23:03:04.362 DEBUG 6256 --- [main] m.s.SpringBootLooseBindingApplication    : Running with Spring Boot v2.6.6, Spring v5.3.18
2022-04-15 23:03:04.363  INFO 6256 --- [main] m.s.SpringBootLooseBindingApplication    : The following 1 profile is active: "dev"
2022-04-15 23:03:04.931  INFO 6256 --- [main] o.s.b.w.embedded.tomcat.TomcatWebServer  : Tomcat initialized with port(s): 8080 (http)
2022-04-15 23:03:04.937  INFO 6256 --- [main] o.apache.catalina.core.StandardService   : Starting service [Tomcat]
2022-04-15 23:03:04.938  INFO 6256 --- [main] org.apache.catalina.core.StandardEngine  : Starting Servlet engine: [Apache Tomcat/9.0.60]
2022-04-15 23:03:05.006  INFO 6256 --- [main] o.a.c.c.C.[Tomcat].[localhost].[/]       : Initializing Spring embedded WebApplicationContext
2022-04-15 23:03:05.006  INFO 6256 --- [main] w.s.c.ServletWebServerApplicationContext : Root WebApplicationContext: initialization completed in 606 ms
2022-04-15 23:03:05.234  INFO 6256 --- [main] o.s.b.w.embedded.tomcat.TomcatWebServer  : Tomcat started on port(s): 8080 (http) with context path ''
2022-04-15 23:03:05.242  INFO 6256 --- [main] m.s.SpringBootLooseBindingApplication    : Started SpringBootLooseBindingApplication in 1.197 seconds (JVM running for 1.63)
2022-04-15 23:03:18.582  INFO 1744 --- [main] m.s.SpringBootLooseBindingApplication    : Starting SpringBootLooseBindingApplication using Java 16.0.2 on mao with PID 1744 (H:\程序\大三下期\spring_boot松散绑定\target\classes started by mao in H:\程序\大三下期\spring_boot松散绑定)
2022-04-15 23:03:18.584 DEBUG 1744 --- [main] m.s.SpringBootLooseBindingApplication    : Running with Spring Boot v2.6.6, Spring v5.3.18
2022-04-15 23:03:18.585  INFO 1744 --- [main] m.s.SpringBootLooseBindingApplication    : The following 1 profile is active: "dev"
2022-04-15 23:03:19.156  INFO 1744 --- [main] o.s.b.w.embedded.tomcat.TomcatWebServer  : Tomcat initialized with port(s): 8080 (http)
2022-04-15 23:03:19.162  INFO 1744 --- [main] o.apache.catalina.core.StandardService   : Starting service [Tomcat]
2022-04-15 23:03:19.163  INFO 1744 --- [main] org.apache.catalina.core.StandardEngine  : Starting Servlet engine: [Apache Tomcat/9.0.60]
2022-04-15 23:03:19.233  INFO 1744 --- [main] o.a.c.c.C.[Tomcat].[localhost].[/]       : Initializing Spring embedded WebApplicationContext
2022-04-15 23:03:19.233  INFO 1744 --- [main] w.s.c.ServletWebServerApplicationContext : Root WebApplicationContext: initialization completed in 611 ms
2022-04-15 23:03:19.463  INFO 1744 --- [main] o.s.b.w.embedded.tomcat.TomcatWebServer  : Tomcat started on port(s): 8080 (http) with context path ''
2022-04-15 23:03:19.472  INFO 1744 --- [main] m.s.SpringBootLooseBindingApplication    : Started SpringBootLooseBindingApplication in 1.198 seconds (JVM running for 1.643)
2022-04-15 23:04:01.709  INFO 11716 --- [main] m.s.SpringBootLooseBindingApplication    : Starting SpringBootLooseBindingApplication using Java 16.0.2 on mao with PID 11716 (H:\程序\大三下期\spring_boot松散绑定\target\classes started by mao in H:\程序\大三下期\spring_boot松散绑定)
2022-04-15 23:04:01.711 DEBUG 11716 --- [main] m.s.SpringBootLooseBindingApplication    : Running with Spring Boot v2.6.6, Spring v5.3.18
2022-04-15 23:04:01.712  INFO 11716 --- [main] m.s.SpringBootLooseBindingApplication    : The following 1 profile is active: "dev"
2022-04-15 23:04:02.297  INFO 11716 --- [main] o.s.b.w.embedded.tomcat.TomcatWebServer  : Tomcat initialized with port(s): 8080 (http)
2022-04-15 23:04:02.304  INFO 11716 --- [main] o.apache.catalina.core.StandardService   : Starting service [Tomcat]
2022-04-15 23:04:02.304  INFO 11716 --- [main] org.apache.catalina.core.StandardEngine  : Starting Servlet engine: [Apache Tomcat/9.0.60]
2022-04-15 23:04:02.375  INFO 11716 --- [main] o.a.c.c.C.[Tomcat].[localhost].[/]       : Initializing Spring embedded WebApplicationContext
2022-04-15 23:04:02.375  INFO 11716 --- [main] w.s.c.ServletWebServerApplicationContext : Root WebApplicationContext: initialization completed in 623 ms
2022-04-15 23:04:02.603  INFO 11716 --- [main] o.s.b.w.embedded.tomcat.TomcatWebServer  : Tomcat started on port(s): 8080 (http) with context path ''
2022-04-15 23:04:02.612  INFO 11716 --- [main] m.s.SpringBootLooseBindingApplication    : Started SpringBootLooseBindingApplication in 1.229 seconds (JVM running for 1.675)
2022-04-15 23:04:24.372  INFO 9944 --- [main] m.s.SpringBootLooseBindingApplication    : Starting SpringBootLooseBindingApplication using Java 16.0.2 on mao with PID 9944 (H:\程序\大三下期\spring_boot松散绑定\target\classes started by mao in H:\程序\大三下期\spring_boot松散绑定)
2022-04-15 23:04:24.374 DEBUG 9944 --- [main] m.s.SpringBootLooseBindingApplication    : Running with Spring Boot v2.6.6, Spring v5.3.18
2022-04-15 23:04:24.375  INFO 9944 --- [main] m.s.SpringBootLooseBindingApplication    : The following 1 profile is active: "dev"
2022-04-15 23:04:24.933  INFO 9944 --- [main] o.s.b.w.embedded.tomcat.TomcatWebServer  : Tomcat initialized with port(s): 8080 (http)
2022-04-15 23:04:24.940  INFO 9944 --- [main] o.apache.catalina.core.StandardService   : Starting service [Tomcat]
2022-04-15 23:04:24.941  INFO 9944 --- [main] org.apache.catalina.core.StandardEngine  : Starting Servlet engine: [Apache Tomcat/9.0.60]
2022-04-15 23:04:25.011  INFO 9944 --- [main] o.a.c.c.C.[Tomcat].[localhost].[/]       : Initializing Spring embedded WebApplicationContext
2022-04-15 23:04:25.011  INFO 9944 --- [main] w.s.c.ServletWebServerApplicationContext : Root WebApplicationContext: initialization completed in 600 ms
2022-04-15 23:04:25.241  INFO 9944 --- [main] o.s.b.w.embedded.tomcat.TomcatWebServer  : Tomcat started on port(s): 8080 (http) with context path ''
2022-04-15 23:04:25.249  INFO 9944 --- [main] m.s.SpringBootLooseBindingApplication    : Started SpringBootLooseBindingApplication in 1.197 seconds (JVM running for 1.639)
2022-04-15 23:04:43.409  INFO 13920 --- [main] m.s.SpringBootLooseBindingApplication    : Starting SpringBootLooseBindingApplication using Java 16.0.2 on mao with PID 13920 (H:\程序\大三下期\spring_boot松散绑定\target\classes started by mao in H:\程序\大三下期\spring_boot松散绑定)
2022-04-15 23:04:43.411 DEBUG 13920 --- [main] m.s.SpringBootLooseBindingApplication    : Running with Spring Boot v2.6.6, Spring v5.3.18
2022-04-15 23:04:43.411  INFO 13920 --- [main] m.s.SpringBootLooseBindingApplication    : The following 1 profile is active: "dev"
2022-04-15 23:04:43.991  INFO 13920 --- [main] o.s.b.w.embedded.tomcat.TomcatWebServer  : Tomcat initialized with port(s): 8080 (http)
2022-04-15 23:04:43.997  INFO 13920 --- [main] o.apache.catalina.core.StandardService   : Starting service [Tomcat]
2022-04-15 23:04:43.997  INFO 13920 --- [main] org.apache.catalina.core.StandardEngine  : Starting Servlet engine: [Apache Tomcat/9.0.60]
2022-04-15 23:04:44.067  INFO 13920 --- [main] o.a.c.c.C.[Tomcat].[localhost].[/]       : Initializing Spring embedded WebApplicationContext
2022-04-15 23:04:44.068  INFO 13920 --- [main] w.s.c.ServletWebServerApplicationContext : Root WebApplicationContext: initialization completed in 620 ms
2022-04-15 23:04:44.289  INFO 13920 --- [main] o.s.b.w.embedded.tomcat.TomcatWebServer  : Tomcat started on port(s): 8080 (http) with context path ''
2022-04-15 23:04:44.298  INFO 13920 --- [main] m.s.SpringBootLooseBindingApplication    : Started SpringBootLooseBindingApplication in 1.209 seconds (JVM running for 1.641)
2022-04-15 23:05:31.466  INFO 2784 --- [main] m.s.SpringBootLooseBindingApplication    : Starting SpringBootLooseBindingApplication using Java 16.0.2 on mao with PID 2784 (H:\程序\大三下期\spring_boot松散绑定\target\classes started by mao in H:\程序\大三下期\spring_boot松散绑定)
2022-04-15 23:05:31.469 DEBUG 2784 --- [main] m.s.SpringBootLooseBindingApplication    : Running with Spring Boot v2.6.6, Spring v5.3.18
2022-04-15 23:05:31.469  INFO 2784 --- [main] m.s.SpringBootLooseBindingApplication    : The following 1 profile is active: "dev"
2022-04-15 23:05:32.067  INFO 2784 --- [main] o.s.b.w.embedded.tomcat.TomcatWebServer  : Tomcat initialized with port(s): 8080 (http)
2022-04-15 23:05:32.074  INFO 2784 --- [main] o.apache.catalina.core.StandardService   : Starting service [Tomcat]
2022-04-15 23:05:32.074  INFO 2784 --- [main] org.apache.catalina.core.StandardEngine  : Starting Servlet engine: [Apache Tomcat/9.0.60]
2022-04-15 23:05:32.141  INFO 2784 --- [main] o.a.c.c.C.[Tomcat].[localhost].[/]       : Initializing Spring embedded WebApplicationContext
2022-04-15 23:05:32.142  INFO 2784 --- [main] w.s.c.ServletWebServerApplicationContext : Root WebApplicationContext: initialization completed in 631 ms
2022-04-15 23:05:32.371  INFO 2784 --- [main] o.s.b.w.embedded.tomcat.TomcatWebServer  : Tomcat started on port(s): 8080 (http) with context path ''
2022-04-15 23:05:32.380  INFO 2784 --- [main] m.s.SpringBootLooseBindingApplication    : Started SpringBootLooseBindingApplication in 1.266 seconds (JVM running for 1.694)
2022-04-15 23:06:02.035  INFO 16008 --- [main] m.s.SpringBootLooseBindingApplication    : Starting SpringBootLooseBindingApplication using Java 16.0.2 on mao with PID 16008 (H:\程序\大三下期\spring_boot松散绑定\target\classes started by mao in H:\程序\大三下期\spring_boot松散绑定)
2022-04-15 23:06:02.037 DEBUG 16008 --- [main] m.s.SpringBootLooseBindingApplication    : Running with Spring Boot v2.6.6, Spring v5.3.18
2022-04-15 23:06:02.038  INFO 16008 --- [main] m.s.SpringBootLooseBindingApplication    : The following 1 profile is active: "dev"
2022-04-15 23:06:02.608  INFO 16008 --- [main] o.s.b.w.embedded.tomcat.TomcatWebServer  : Tomcat initialized with port(s): 8080 (http)
2022-04-15 23:06:02.614  INFO 16008 --- [main] o.apache.catalina.core.StandardService   : Starting service [Tomcat]
2022-04-15 23:06:02.614  INFO 16008 --- [main] org.apache.catalina.core.StandardEngine  : Starting Servlet engine: [Apache Tomcat/9.0.60]
2022-04-15 23:06:02.682  INFO 16008 --- [main] o.a.c.c.C.[Tomcat].[localhost].[/]       : Initializing Spring embedded WebApplicationContext
2022-04-15 23:06:02.682  INFO 16008 --- [main] w.s.c.ServletWebServerApplicationContext : Root WebApplicationContext: initialization completed in 608 ms
2022-04-15 23:06:02.904  INFO 16008 --- [main] o.s.b.w.embedded.tomcat.TomcatWebServer  : Tomcat started on port(s): 8080 (http) with context path ''
2022-04-15 23:06:02.913  INFO 16008 --- [main] m.s.SpringBootLooseBindingApplication    : Started SpringBootLooseBindingApplication in 1.215 seconds (JVM running for 1.692)
2022-04-15 23:06:19.076  INFO 8456 --- [main] m.s.SpringBootLooseBindingApplication    : Starting SpringBootLooseBindingApplication using Java 16.0.2 on mao with PID 8456 (H:\程序\大三下期\spring_boot松散绑定\target\classes started by mao in H:\程序\大三下期\spring_boot松散绑定)
2022-04-15 23:06:19.078 DEBUG 8456 --- [main] m.s.SpringBootLooseBindingApplication    : Running with Spring Boot v2.6.6, Spring v5.3.18
2022-04-15 23:06:19.078  INFO 8456 --- [main] m.s.SpringBootLooseBindingApplication    : The following 1 profile is active: "dev"
2022-04-15 23:06:19.651  INFO 8456 --- [main] o.s.b.w.embedded.tomcat.TomcatWebServer  : Tomcat initialized with port(s): 8080 (http)
2022-04-15 23:06:19.658  INFO 8456 --- [main] o.apache.catalina.core.StandardService   : Starting service [Tomcat]
2022-04-15 23:06:19.658  INFO 8456 --- [main] org.apache.catalina.core.StandardEngine  : Starting Servlet engine: [Apache Tomcat/9.0.60]
2022-04-15 23:06:19.725  INFO 8456 --- [main] o.a.c.c.C.[Tomcat].[localhost].[/]       : Initializing Spring embedded WebApplicationContext
2022-04-15 23:06:19.726  INFO 8456 --- [main] w.s.c.ServletWebServerApplicationContext : Root WebApplicationContext: initialization completed in 610 ms
2022-04-15 23:06:19.950  INFO 8456 --- [main] o.s.b.w.embedded.tomcat.TomcatWebServer  : Tomcat started on port(s): 8080 (http) with context path ''
2022-04-15 23:06:19.959  INFO 8456 --- [main] m.s.SpringBootLooseBindingApplication    : Started SpringBootLooseBindingApplication in 1.243 seconds (JVM running for 1.691)
2022-04-15 23:09:15.509  INFO 5468 --- [main] m.s.SpringBootLooseBindingApplication    : Starting SpringBootLooseBindingApplication using Java 16.0.2 on mao with PID 5468 (H:\程序\大三下期\spring_boot松散绑定\target\classes started by mao in H:\程序\大三下期\spring_boot松散绑定)
2022-04-15 23:09:15.512 DEBUG 5468 --- [main] m.s.SpringBootLooseBindingApplication    : Running with Spring Boot v2.6.6, Spring v5.3.18
2022-04-15 23:09:15.513  INFO 5468 --- [main] m.s.SpringBootLooseBindingApplication    : The following 1 profile is active: "dev"
2022-04-15 23:09:16.089  INFO 5468 --- [main] o.s.b.w.embedded.tomcat.TomcatWebServer  : Tomcat initialized with port(s): 8080 (http)
2022-04-15 23:09:16.096  INFO 5468 --- [main] o.apache.catalina.core.StandardService   : Starting service [Tomcat]
2022-04-15 23:09:16.097  INFO 5468 --- [main] org.apache.catalina.core.StandardEngine  : Starting Servlet engine: [Apache Tomcat/9.0.60]
2022-04-15 23:09:16.166  INFO 5468 --- [main] o.a.c.c.C.[Tomcat].[localhost].[/]       : Initializing Spring embedded WebApplicationContext
2022-04-15 23:09:16.166  INFO 5468 --- [main] w.s.c.ServletWebServerApplicationContext : Root WebApplicationContext: initialization completed in 616 ms
2022-04-15 23:09:16.392  INFO 5468 --- [main] o.s.b.w.embedded.tomcat.TomcatWebServer  : Tomcat started on port(s): 8080 (http) with context path ''
2022-04-15 23:09:16.401  INFO 5468 --- [main] m.s.SpringBootLooseBindingApplication    : Started SpringBootLooseBindingApplication in 1.219 seconds (JVM running for 1.694)
2022-04-15 23:09:39.462  INFO 17956 --- [main] m.s.SpringBootLooseBindingApplication    : Starting SpringBootLooseBindingApplication using Java 16.0.2 on mao with PID 17956 (H:\程序\大三下期\spring_boot松散绑定\target\classes started by mao in H:\程序\大三下期\spring_boot松散绑定)
2022-04-15 23:09:39.464 DEBUG 17956 --- [main] m.s.SpringBootLooseBindingApplication    : Running with Spring Boot v2.6.6, Spring v5.3.18
2022-04-15 23:09:39.464  INFO 17956 --- [main] m.s.SpringBootLooseBindingApplication    : The following 1 profile is active: "dev"
2022-04-15 23:09:40.033  INFO 17956 --- [main] o.s.b.w.embedded.tomcat.TomcatWebServer  : Tomcat initialized with port(s): 8080 (http)
2022-04-15 23:09:40.039  INFO 17956 --- [main] o.apache.catalina.core.StandardService   : Starting service [Tomcat]
2022-04-15 23:09:40.039  INFO 17956 --- [main] org.apache.catalina.core.StandardEngine  : Starting Servlet engine: [Apache Tomcat/9.0.60]
2022-04-15 23:09:40.106  INFO 17956 --- [main] o.a.c.c.C.[Tomcat].[localhost].[/]       : Initializing Spring embedded WebApplicationContext
2022-04-15 23:09:40.106  INFO 17956 --- [main] w.s.c.ServletWebServerApplicationContext : Root WebApplicationContext: initialization completed in 605 ms
